population: 15

User Error: 20 %

Max Number Of Elicited Pairs: 50

The minimum average distance: 4.400000095367432

The minimum disagreement: 60.0

The final order(s): 
[BUG13, BUG15, BUG1, BUG4, BUG18, BUG20, BUG2, BUG19, BUG8, BUG3, BUG10, BUG14, BUG16, BUG7, BUG5, BUG12, BUG6, BUG9, BUG11, BUG17]
[BUG13, BUG18, BUG1, BUG15, BUG3, BUG14, BUG19, BUG4, BUG5, BUG16, BUG6, BUG9, BUG2, BUG11, BUG10, BUG20, BUG8, BUG12, BUG17, BUG7]
[BUG13, BUG15, BUG1, BUG4, BUG18, BUG20, BUG2, BUG19, BUG8, BUG3, BUG10, BUG14, BUG16, BUG7, BUG12, BUG5, BUG6, BUG9, BUG11, BUG17]
[BUG13, BUG4, BUG15, BUG18, BUG1, BUG20, BUG2, BUG19, BUG8, BUG3, BUG10, BUG14, BUG16, BUG7, BUG5, BUG12, BUG6, BUG9, BUG11, BUG17]
[BUG13, BUG4, BUG15, BUG18, BUG1, BUG20, BUG2, BUG19, BUG8, BUG3, BUG10, BUG14, BUG16, BUG7, BUG12, BUG5, BUG6, BUG9, BUG11, BUG17]
[BUG13, BUG4, BUG15, BUG1, BUG18, BUG20, BUG2, BUG19, BUG8, BUG3, BUG10, BUG14, BUG16, BUG7, BUG5, BUG12, BUG6, BUG9, BUG11, BUG17]
[BUG13, BUG4, BUG15, BUG1, BUG18, BUG20, BUG2, BUG19, BUG8, BUG3, BUG10, BUG14, BUG16, BUG7, BUG12, BUG5, BUG6, BUG9, BUG11, BUG17]
[BUG13, BUG1, BUG15, BUG18, BUG20, BUG4, BUG2, BUG19, BUG8, BUG3, BUG10, BUG14, BUG16, BUG7, BUG5, BUG12, BUG6, BUG9, BUG11, BUG17]
[BUG1, BUG13, BUG4, BUG15, BUG3, BUG10, BUG5, BUG18, BUG20, BUG2, BUG14, BUG19, BUG11, BUG9, BUG8, BUG16, BUG12, BUG7, BUG6, BUG17]
[BUG13, BUG1, BUG15, BUG18, BUG20, BUG4, BUG2, BUG19, BUG8, BUG3, BUG10, BUG14, BUG16, BUG7, BUG12, BUG5, BUG6, BUG9, BUG11, BUG17]
[BUG1, BUG13, BUG15, BUG18, BUG20, BUG4, BUG2, BUG19, BUG8, BUG3, BUG10, BUG14, BUG16, BUG7, BUG5, BUG12, BUG6, BUG9, BUG11, BUG17]
[BUG1, BUG13, BUG15, BUG18, BUG20, BUG4, BUG2, BUG19, BUG8, BUG3, BUG10, BUG14, BUG16, BUG7, BUG12, BUG5, BUG6, BUG9, BUG11, BUG17]
[BUG13, BUG15, BUG18, BUG1, BUG20, BUG4, BUG2, BUG19, BUG8, BUG3, BUG10, BUG14, BUG16, BUG7, BUG5, BUG12, BUG6, BUG9, BUG11, BUG17]
[BUG4, BUG13, BUG15, BUG19, BUG1, BUG20, BUG5, BUG18, BUG14, BUG10, BUG3, BUG6, BUG9, BUG8, BUG16, BUG7, BUG2, BUG12, BUG11, BUG17]
[BUG13, BUG15, BUG18, BUG1, BUG20, BUG4, BUG2, BUG19, BUG8, BUG3, BUG10, BUG14, BUG16, BUG7, BUG12, BUG5, BUG6, BUG9, BUG11, BUG17]

Elicited pairs: 
[BUG4, BUG14][BUG4, BUG8][BUG5, BUG6][BUG15, BUG18][BUG19, BUG16][BUG19, BUG1][BUG19, BUG2][BUG19, BUG10][BUG19, BUG3][BUG19, BUG20][BUG19, BUG4][BUG2, BUG3][BUG10, BUG3][BUG9, BUG11][BUG20, BUG14][BUG10, BUG4][BUG10, BUG15][BUG10, BUG18][BUG10, BUG1][BUG10, BUG2][BUG4, BUG15][BUG4, BUG18][BUG14, BUG1][BUG14, BUG19][BUG14, BUG3][BUG14, BUG2][BUG1, BUG2][BUG8, BUG3][BUG8, BUG16][BUG8, BUG20][BUG8, BUG2][BUG5, BUG16][BUG5, BUG20][BUG5, BUG2][BUG9, BUG16][BUG9, BUG6][BUG9, BUG20][BUG9, BUG2][BUG16, BUG20][BUG16, BUG2][BUG6, BUG20][BUG6, BUG2][BUG20, BUG2][BUG17, BUG7][BUG17, BUG12][BUG14, BUG16][BUG7, BUG12][BUG11, BUG12][BUG9, BUG12][BUG6, BUG12][BUG5, BUG12]

The gold standard: 
[BUG4, BUG3, BUG1, BUG12, BUG18, BUG6, BUG5, BUG14, BUG9, BUG15, BUG13, BUG17, BUG19, BUG20, BUG16, BUG11, BUG10, BUG8, BUG7, BUG2]