population: 15

User Error: 10 %

Max Number Of Elicited Pairs: 20

The minimum average distance: 6.099999904632568

The minimum disagreement: 79.0

The final order(s): 
[BUG13, BUG18, BUG15, BUG19, BUG20, BUG1, BUG4, BUG2, BUG10, BUG14, BUG16, BUG8, BUG3, BUG6, BUG5, BUG9, BUG12, BUG11, BUG7, BUG17]
[BUG13, BUG18, BUG15, BUG19, BUG20, BUG1, BUG4, BUG2, BUG10, BUG14, BUG16, BUG8, BUG3, BUG6, BUG5, BUG12, BUG9, BUG11, BUG7, BUG17]
[BUG13, BUG18, BUG15, BUG19, BUG20, BUG1, BUG4, BUG2, BUG10, BUG14, BUG16, BUG8, BUG3, BUG6, BUG12, BUG5, BUG9, BUG11, BUG7, BUG17]
[BUG13, BUG18, BUG15, BUG19, BUG20, BUG1, BUG4, BUG2, BUG10, BUG14, BUG16, BUG8, BUG3, BUG12, BUG6, BUG5, BUG9, BUG11, BUG7, BUG17]
[BUG13, BUG18, BUG15, BUG19, BUG1, BUG4, BUG2, BUG3, BUG10, BUG14, BUG20, BUG16, BUG8, BUG6, BUG5, BUG9, BUG12, BUG11, BUG7, BUG17]
[BUG13, BUG18, BUG15, BUG19, BUG20, BUG1, BUG4, BUG2, BUG10, BUG14, BUG16, BUG8, BUG3, BUG6, BUG9, BUG12, BUG11, BUG5, BUG7, BUG17]
[BUG13, BUG18, BUG15, BUG19, BUG20, BUG1, BUG4, BUG2, BUG10, BUG14, BUG16, BUG8, BUG3, BUG6, BUG5, BUG9, BUG12, BUG7, BUG11, BUG17]
[BUG13, BUG18, BUG15, BUG19, BUG20, BUG1, BUG4, BUG2, BUG10, BUG14, BUG16, BUG8, BUG3, BUG6, BUG9, BUG5, BUG12, BUG11, BUG7, BUG17]
[BUG13, BUG18, BUG15, BUG19, BUG20, BUG1, BUG4, BUG2, BUG10, BUG14, BUG16, BUG8, BUG3, BUG6, BUG5, BUG12, BUG9, BUG7, BUG11, BUG17]
[BUG13, BUG18, BUG15, BUG19, BUG1, BUG20, BUG4, BUG2, BUG10, BUG14, BUG16, BUG8, BUG3, BUG6, BUG9, BUG12, BUG11, BUG5, BUG7, BUG17]
[BUG13, BUG18, BUG15, BUG19, BUG1, BUG4, BUG2, BUG10, BUG3, BUG14, BUG20, BUG16, BUG8, BUG6, BUG5, BUG9, BUG12, BUG11, BUG7, BUG17]
[BUG13, BUG18, BUG15, BUG19, BUG1, BUG20, BUG4, BUG2, BUG10, BUG14, BUG16, BUG8, BUG3, BUG6, BUG12, BUG9, BUG11, BUG5, BUG7, BUG17]
[BUG13, BUG18, BUG15, BUG19, BUG1, BUG20, BUG4, BUG2, BUG10, BUG14, BUG16, BUG8, BUG3, BUG12, BUG6, BUG9, BUG11, BUG5, BUG7, BUG17]
[BUG13, BUG18, BUG15, BUG19, BUG1, BUG20, BUG4, BUG2, BUG10, BUG14, BUG16, BUG8, BUG3, BUG6, BUG5, BUG12, BUG7, BUG9, BUG11, BUG17]
[BUG13, BUG18, BUG15, BUG19, BUG1, BUG20, BUG4, BUG2, BUG10, BUG14, BUG16, BUG8, BUG3, BUG6, BUG12, BUG5, BUG7, BUG9, BUG11, BUG17]

Elicited pairs: 
[BUG4, BUG14][BUG4, BUG8][BUG5, BUG6][BUG15, BUG18][BUG19, BUG16][BUG19, BUG1][BUG19, BUG2][BUG19, BUG10][BUG19, BUG3][BUG19, BUG20][BUG19, BUG4][BUG2, BUG3][BUG10, BUG3][BUG9, BUG11][BUG20, BUG14][BUG14, BUG16][BUG20, BUG16][BUG20, BUG8][BUG7, BUG12][BUG11, BUG12][BUG9, BUG12][BUG5, BUG12][BUG6, BUG12]

The gold standard: 
[BUG4, BUG3, BUG1, BUG12, BUG18, BUG6, BUG5, BUG14, BUG9, BUG15, BUG13, BUG17, BUG19, BUG20, BUG16, BUG11, BUG10, BUG8, BUG7, BUG2]